5|Customer#000000005|KvpyuHCplrB84WgAiGV6sYpZq7Tj|3|13-750-942-6364|794.47|HOUSEHOLD|n accounts will have to unwind. foxes cajole accor
11|Customer#000000011|PkWS 3HlXqwTuzrKg633BEi|23|33-464-151-3439|-272.6|BUILDING|ckages. requests sleep slyly. quickly even pinto beans promise above the slyly regular pinto beans. 
19|Customer#000000019|uc,3bHIx84H,wdrmLOjVsiqXCq2tr|18|28-396-526-5053|8914.71|HOUSEHOLD| nag. furiously careful packages are slyly at the accounts. furiously regular in
26|Customer#000000026|8ljrc5ZeMl7UciP|22|32-363-455-4837|5182.05|AUTOMOBILE|c requests use furiously ironic requests. slyly ironic dependencies us
32|Customer#000000032|jD2xZzi UmId,DCtNBLXKj9q0Tlp2iQ6ZcO3J|15|25-430-914-2194|3471.53|BUILDING|cial ideas. final, furious requests across the e
47|Customer#000000047|b0UgocSqEW5 gdVbhNT|2|12-427-271-9466|274.58|BUILDING|ions. express, ironic instructions sleep furiously ironic ideas. furi
49|Customer#000000049|cNgAeX7Fqrdf7HQN9EwjUa4nxT,68L FKAxzl|10|20-908-631-4424|4573.94|FURNITURE|nusual foxes! fluffily pending packages maintain to the regular 
52|Customer#000000052|7 QOqGqqSy9jfV51BC71jcHJSD0|11|21-186-284-5998|5630.28|HOUSEHOLD|ic platelets use evenly even accounts. stealthy theodolites cajole furiou
55|Customer#000000055|zIRBR4KNEl HzaiV3a i9n6elrxzDEh8r8pDom|10|20-180-440-8525|4572.11|MACHINERY|ully unusual packages wake bravely bold packages. unusual requests boost deposits! blithely ironic packages ab
59|Customer#000000059|zLOCP0wh92OtBihgspOGl4|1|11-355-584-3112|3458.6|MACHINERY|ously final packages haggle blithely after the express deposits. furiou
70|Customer#000000070|mFowIuhnHjp2GjCiYYavkW kUwOjIaTCQ|22|32-828-107-2832|4867.52|FURNITURE|fter the special asymptotes. ideas after the unusual frets cajole quickly regular pinto be
71|Customer#000000071|TlGalgdXWBmMV,6agLyWYDyIz9MKzcY8gl,w6t1B|7|17-710-812-5403|-611.19|HOUSEHOLD|g courts across the regular, final pinto beans are blithely pending ac
74|Customer#000000074|IkJHCA3ZThF7qL7VKcrU nRLl,kylf |4|14-199-862-7209|2764.43|MACHINERY|onic accounts. blithely slow packages would haggle carefully. qui
77|Customer#000000077|4tAE5KdMFGD4byHtXF92vx|17|27-269-357-4674|1738.87|BUILDING|uffily silent requests. carefully ironic asymptotes among the ironic hockey players are carefully bli
85|Customer#000000085|siRerlDwiolhYR 8FgksoezycLj|5|15-745-585-8219|3386.64|FURNITURE|ronic ideas use above the slowly pendin
100|Customer#000000100|fptUABXcmkC5Wx|20|30-749-445-4907|9889.89|FURNITURE|was furiously fluffily quiet deposits. silent, pending requests boost against 
103|Customer#000000103|8KIsQX4LJ7QMsj6DrtFtXu0nUEdV,8a|9|19-216-107-2107|2757.45|BUILDING|furiously pending notornis boost slyly around the blithely ironic ideas? final, even instructions cajole fl
107|Customer#000000107|Zwg64UZ,q7GRqo3zm7P1tZIRshBDz|15|25-336-529-9919|2514.15|AUTOMOBILE|counts cajole slyly. regular requests wake. furiously regular deposits about the blithely final fo
116|Customer#000000116|yCuVxIgsZ3,qyK2rloThy3u|16|26-632-309-5792|8403.99|BUILDING|as. quickly final sauternes haggle slyly carefully even packages. brave, ironic pinto beans are above the furious
125|Customer#000000125|,wSZXdVR xxIIfm9s8ITyLl3kgjT6UC07GY0Y|19|29-261-996-3120|-234.12|FURNITURE|x-ray finally after the packages? regular requests c
130|Customer#000000130|RKPx2OfZy0Vn 8wGWZ7F2EAvmMORl1k8iH|9|19-190-993-9281|5073.58|HOUSEHOLD|ix slowly. express packages along the furiously ironic requests integrate daringly deposits. fur
139|Customer#000000139|3ElvBwudHKL02732YexGVFVt |9|19-140-352-1403|7897.78|MACHINERY|nstructions. quickly ironic ideas are carefully. bold, 
142|Customer#000000142|AnJ5lxtLjioClr2khl9pb8NLxG2,|9|19-407-425-2584|2209.81|AUTOMOBILE|. even, express theodolites upo
152|Customer#000000152|PDrllSkScKLh4lr19gmUZnK|8|18-585-850-3926|1215.18|BUILDING|ously ironic accounts. furiously even accounts accord
164|Customer#000000164|YDW51PBWLXLnbQlKC|4|14-565-638-9768|208.45|HOUSEHOLD|ironic, special pinto beans. ironic
167|Customer#000000167|QNc2eOlRIzL6jpthwgDuB866uCIUPiOX|5|15-288-395-5501|1468.09|AUTOMOBILE|espite the ironic excuses. furiously final deposits wake slyly. slyly ex
170|Customer#000000170|5QmxmYubNhn6HAgLwTvphevM3OmpZTGsM|15|25-879-984-9818|7687.89|BUILDING| regular requests. carefully regu
172|Customer#000000172|KwgdKUL1G2WacsMNF50yX|22|32-178-964-1847|1134.4|MACHINERY|losely regular, unusual instructions. 
176|Customer#000000176|9hBepY2uz88HlCqToOLgeU770u81FeL|13|23-432-942-8830|-375.76|FURNITURE|uriously. final requests sleep ironic packages. quickly
184|Customer#000000184|uoOpBuRr42f1WIqnVYAhxbAA9bkK6HUGpOt|21|31-739-340-5476|170.46|AUTOMOBILE|hely according to the furiously unusual accounts. furiously bold platele
193|Customer#000000193|dUT4dtsPTZ6ZpkWLc,KGJCHY6JDJgPFH4|23|33-182-978-6287|8024.55|MACHINERY|y even theodolites. final foxes print along the final pinto beans. theodoli
196|Customer#000000196|68RstNo6a2B|18|28-135-177-2472|7760.33|FURNITURE|accounts wake. express instructions according to the s
199|Customer#000000199|lBU3xll,a7e9TYm3 UyjDPCVMvnHKpq,9HW1X|4|14-136-924-5232|7654.31|FURNITURE|fully busy pinto beans. packages cajole around the express, bold packages! quickly ironic tithes
202|Customer#000000202|Q0uJ1frCbi9yvu|7|17-905-805-4635|2237.64|AUTOMOBILE|fully along the carefully pending Tiresias; special packages along the carefully special deposits try to
203|Customer#000000203|2fRlubh lWRinCs1nimADdn|1|11-886-563-6149|7960.63|MACHINERY| packages are. requests integrate regularly across th
208|Customer#000000208|Abye1MwcNfY0KO6yqv,Wwe|19|29-859-139-6234|6239.89|MACHINERY|le carefully according to the quickly silent packages. quickly ironic packages affix according to the ruthles
214|Customer#000000214|MpCwhcLrbcIM7AeKS9tRM09by|8|18-180-678-6165|1526.59|MACHINERY|grow. fluffily regular pinto beans according to the regular accounts affix quickly pe
220|Customer#000000220|TbUHVhkttz|16|26-201-301-7371|9131.64|BUILDING| even, even accounts are. ironic 
221|Customer#000000221|ripNyyPOewg8AahnZlsM|16|26-351-738-1001|1609.39|BUILDING| instructions above the regular requests cajole packages. pending, even 
232|Customer#000000232|oA9o,3YOXu2rzKONdd,cxpqCFXUv5kuxBYKp|22|32-283-563-2674|554.71|HOUSEHOLD|ges sleep. final, bold theodolites are quickly final packages. furiously ironic packages are slyly fi
236|Customer#000000236|kcW,mM0rhIstAcVaol1,6DVkS FPKlhY|14|24-808-967-4503|5384.59|AUTOMOBILE|te slyly along the requests. carefully final requests sleep slyly blithe frets. furiously ruthless dep
241|Customer#000000241|FBuwHkPR450PvnZnAezcaeMaS,hX3Ifdk|9|19-344-614-2207|6569.34|AUTOMOBILE| across the enticingly even requests. blithely iro
253|Customer#000000253|naGyIRPFPH E|15|25-461-140-9884|9139.52|AUTOMOBILE| regular deposits sleep against the accounts. foxes cajole carefully special 
256|Customer#000000256|eJ6AggYh80JMEzZNwYK4CIC2flT|10|20-229-271-4429|1299.92|HOUSEHOLD|ld boost about the carefully ironic foxes. slyly special packages cajole alongside of the slyly final accounts. q
260|Customer#000000260|CrHY2zx4vner4|1|11-708-529-9446|9196.11|MACHINERY|carefully. furiously bold accounts nag furiously carefully regular accounts-- final decoys prin
262|Customer#000000262|DcUOAFBxMu8oGKvIqbDx7xgeZ|4|14-698-169-5201|1561.8|AUTOMOBILE|ress packages above the ironic accounts are against the ironic pinto beans. carefully final accoun
280|Customer#000000280|3fDiGmN64En0ei|11|21-537-461-3965|3952.84|BUILDING|accounts. quiet deposits sleep. slyly even instructions detect about the blithely bold instru
298|Customer#000000298|jFKF3w 8aegECg7mP,qtuR9IsTSYQlEXq|21|31-542-157-4074|3812.84|BUILDING|sleep slyly. stealthy, bold pinto beans sleep blit
301|Customer#000000301|FtFq9Cgg5UAzUL|7|17-265-345-9265|9305.05|HOUSEHOLD|ular, regular notornis sleep along the furiously pending foxes
302|Customer#000000302|cJ3cHoAjAiaxTU2t87EJM|4|14-152-594-2967|1107.42|MACHINERY|dolphins haggle fluffily across the final requests. regularly unusual sentiments detect fluffily requests. regular
304|Customer#000000304|Cilvb3k8ghDX4|0|10-321-698-7663|9217.55|MACHINERY|s integrate at the carefully ironic instructions. fin
311|Customer#000000311|dvpNARle3mR19GD4s2gpEbkL2mZV3uvV6P|23|33-919-292-8822|6589.5|AUTOMOBILE|essly even escapades. blithely regular Tiresias cajole blithely furiously close packages. furiously ironic pi
313|Customer#000000313|Ay52vCrTXsSmp7TmQ1kujvuItfLGx|0|10-401-786-6040|6115.81|HOUSEHOLD|g to the even dependencies. accoun
314|Customer#000000314|8,tdTVYGYoYRaAKwG 6aDJna4Cfjt,F9DDCC2|13|23-366-243-4713|2394.92|MACHINERY|ets alongside of the slyly pending pinto bean
316|Customer#000000316|zE dN3aqjaG|8|18-171-394-5011|4571.78|MACHINERY|egular ideas cajole around the ironic, pending deposits. furiously pending dolphins serve blithely regular 
317|Customer#000000317|uOeuL8DG1j|19|29-615-537-8871|956.88|HOUSEHOLD|ages. hockey players are. dependencie
319|Customer#000000319| UQ5mF3sdoZT2|6|16-734-928-1642|1834.36|FURNITURE| packages use slyly always ironic deposits. unusual, even notornis above
322|Customer#000000322|bWRyCyjH5OfGX|20|30-660-202-7517|4489.98|HOUSEHOLD|usual sauternes are among the slyly even instructions! thinly regular 
325|Customer#000000325|Z I43vl3ta3iYmjXNaSM d6Pe24ibjhdvPSi|15|25-823-702-9630|2377.34|HOUSEHOLD|nal foxes alongside of the always bold
332|Customer#000000332|Jfosq,G6ziag7M04IvCx7SMRafyYvSI,Do|22|32-767-972-2596|-267.09|HOUSEHOLD| around the pinto beans. final theodolites haggle
334|Customer#000000334|OPN1N7t4aQ23TnCpc|4|14-947-291-5002|-405.91|BUILDING|fully busily special ideas. carefully final excuses lose slyly carefully express accounts. even, ironic platelets ar
340|Customer#000000340|WRnPrKQmAmoMQgHQERoVOhyTklcHMajJlc|2|12-730-681-4571|4667.12|BUILDING|es sleep according to the even, unusual Tiresias. carefully bold packages haggle. furiously pending s
370|Customer#000000370|oyAPndV IN|12|22-524-280-8721|8982.79|FURNITURE|ges. final packages haggle quickly. slyly bold 
377|Customer#000000377|PA4levhyD,Rvr0JHQ4QNOqJ9gW YXE|23|33-260-610-4079|1043.72|MACHINERY|. slyly regular ideas cajole blithely. slyly ironic foxes are carefully after the thinly special accou
379|Customer#000000379|t3QzCf,q1NbshmjOIUY|7|17-228-550-9246|5348.11|AUTOMOBILE|l deposits cajole blithely blithely final deposits. express, even foxes grow carefully about the sile
382|Customer#000000382|UdgAMamK5JnSykA,ZPfR5W5zRFatDUye|8|18-942-650-6657|6269.42|AUTOMOBILE|. blithely express notornis according to the blithely even requests are never fina
383|Customer#000000383|iBIHYgXvVDpu6qq7FlqXVcAIDAzv4qs|2|12-868-920-9034|-849.44|MACHINERY|slyly express ideas haggle blithely unusual dugouts. ironic pinto beans are ironic ideas.
392|Customer#000000392|H7M6JObndO|17|27-601-793-2507|8492.33|BUILDING|efully bold ideas. bold requests sleep carefully blithe instructions. carefully final accounts are blithely quickly 
400|Customer#000000400|U23zy17EPxqmJn7neVc|14|24-522-746-1247|-98.46|BUILDING|fully bold accounts cajole bravel
401|Customer#000000401|aKALIG526OK4veQfUh2KmKcE,oRyg|19|29-667-766-5291|4146.43|BUILDING|l instructions wake. slyly express deposits us
421|Customer#000000421|it3mUlkZAe9J8gmy|13|23-918-228-2560|7073.17|FURNITURE|lithely final deposits haggle furiously above the
439|Customer#000000439|3deBblz2syRv8yMf0yAVKkE4mDH20uDRj4tJVHUm|14|24-873-368-6801|-61.29|BUILDING|ions may impress thinly for the deposits? even packages towa
443|Customer#000000443|UdyNGZ6GSz5aNpMO5N2|3|13-241-131-1632|3726.22|FURNITURE|t the special, final platelets. bold req
451|Customer#000000451|ZJKTC1Ck,B01fYZ xdN2|20|30-939-275-3248|2110.59|HOUSEHOLD|quests grow furiously final deposits. ironic, even pi
460|Customer#000000460|Gbx5Hnw,ctlI7|11|21-643-955-6555|5222.83|FURNITURE|old dependencies mold slyly above the foxes. dogged, express ins
466|Customer#000000466|ZI1c8,ZanegEu5CEQxNf5,bkuYPwn7H7JIK7|12|22-280-738-3240|3168.41|MACHINERY|foxes. express, ironic accounts boost? carefully silent deposits engage. accou
472|Customer#000000472|hWgfnsmTAEOx9Mqp87YwztGrgLLqNkjMPh4|12|22-940-478-1933|7929.9|MACHINERY|deas sleep slyly blithely final foxes. slyly final e
481|Customer#000000481|o4xa7J20NqHM8E0ykH,NKe1gPz04OqIn|21|31-363-392-6461|7157.21|FURNITURE|s can nag slyly instructions. regular, regular asymptotes haggle sly
491|Customer#000000491|r3zPOuenxHl0oqInxWlEyLP1ZH|0|10-856-259-7548|785.37|AUTOMOBILE| slyly special requests hang dogged, express epitaphs.
496|Customer#000000496|Y8oYLlHme6Z4fEzkTu|12|22-173-644-7922|8174.82|MACHINERY| quickly bold packages. decoys among the blithely pending accounts lose according to the deposits.
497|Customer#000000497|0 qRRXAxUbo1J KDwDMjFde5fXDwn |23|33-937-724-3506|2191.59|BUILDING|fluffy ideas detect carefully 
514|Customer#000000514|0qD6Nwp3tG3QqCq9qvRAzT6N8L|23|33-194-775-6756|5840.97|BUILDING|carefully final ideas. quickly final packages are. requests haggle slyly. blithely pending sauternes lose bl
515|Customer#000000515|oXxHtgXP5pXYTh|15|25-204-592-4731|3225.07|BUILDING|ackages cajole furiously special, ironic deposits. carefully even Tiresias according to 
535|Customer#000000535|,2Y kklprPasEp6DcthUibs|2|12-787-866-1808|2912.8|BUILDING|even dinos breach. fluffily ironic
536|Customer#000000536|jf8PSOQDvqQj4uF8|12|22-521-348-9030|3342.75|MACHINERY|tes? blithely enticing theodolites wake. braids sleep. sly
538|Customer#000000538|u9jYEMPoKwrH5wXivkSebbxAx1PU|19|29-632-471-2852|-303.95|MACHINERY|uffily special requests nag around the quickly stealthy
545|Customer#000000545|AsYw6k,nDUQcMOpEws|10|20-849-123-8918|7505.33|AUTOMOBILE| carefully final deposits. slyly unusual pinto beans may wake bold requests. unusual courts alongside 
553|Customer#000000553|8tTlavJ sT|4|14-454-146-3094|4804.57|BUILDING|ully regular requests are blithely about the express, bold platelets. slyly permanent deposits across the
554|Customer#000000554|RluaguNRAJhYXmn,CWxcOC,Ly7|2|12-938-503-7317|8395.57|HOUSEHOLD|jole along the blithely bold 
560|Customer#000000560|gU5FQf0WM0sxTYQ|19|29-618-467-8489|1469.59|BUILDING|sly pending packages boost slyly-- fluffily ironic ideas bel
574|Customer#000000574|ratVLdmp070|8|18-676-218-1058|9787.56|FURNITURE|al pinto beans. carefully ironic foxes cajole idly finally express theodolites. fluff
575|Customer#000000575|4K6h0pYH,bg2FS5cYL,qqejhvp7EfTlBjRjeVPkq|1|11-980-134-7627|3652.29|BUILDING| final requests cajole after the ironic, bold instructio
580|Customer#000000580|wpvPbaPtx5QN|11|21-444-589-3830|-181.63|BUILDING|dependencies. final asymptotes haggle among the bold packages. slyly silent 
598|Customer#000000598|9ICLFWFZa6|9|19-113-384-3847|3244.78|FURNITURE|es. furiously pending packages haggle fluffily carefully silent foxes. carefully unusual dependencies boost fu
604|Customer#000000604|qCQsFELZ3W hlmi,zOHBcZGo0PZl3jbFu1jsijqE|21|31-757-951-9827|3195.96|HOUSEHOLD|le furiously express instructions. ideas hag
611|Customer#000000611|E1dtWGHE7NrLfnSKLPFU|19|29-924-242-5243|4272.43|HOUSEHOLD|inst the slyly final accounts. final packages wake after the even pinto beans. carefully
613|Customer#000000613|AJT,26RbanTdEHOBgTWg|4|14-275-416-1669|6679.75|AUTOMOBILE|ironic, pending deposits: quickl
628|Customer#000000628|Vzraru5KbgcC3V|17|27-367-742-4090|4954.25|FURNITURE|l dependencies. pending warhorses haggle. fluffily final accounts slee
635|Customer#000000635|Ftqi0UYvzz56Ov,J6,ySp5WE4vJ2rtY|2|12-399-186-7550|8216.79|AUTOMOBILE|efully bold deposits doubt above the clos
644|Customer#000000644|bfZrdZE0QHtMc,ksudO|18|28-489-845-4801|6183.15|HOUSEHOLD|ke slyly alongside of the silent, even req
646|Customer#000000646|gogI8kweD 2H6U,01lbIp0UWUwljSue,KRcC|2|12-177-329-4316|6074.42|HOUSEHOLD|ptotes. silent requests cajole fluffily along the slyly permanent ideas. pending instr
653|Customer#000000653|la,ROBPJ4I2YNzQw,RpbB0sTOjyv3F ZBeWRiQ|11|21-715-573-6928|7307.55|BUILDING|aggle bravely deposits. even du
661|Customer#000000661|1MqWuuRVM5y5NlT1kakwke|4|14-983-203-6472|1735.44|HOUSEHOLD| regular theodolites. brave platelets
662|Customer#000000662|ss AgOrB5VFubLk bsmTgbw2ddJD|0|10-728-355-4532|4517.33|BUILDING|ckages haggle: quickly regular ideas are after the furi
671|Customer#000000671|ic6qGrt0giB,HDEiBK,,FYGHXQpc|21|31-593-213-9388|3227.87|FURNITURE|bold ideas above the ironic packages affix blithely about the furiou
676|Customer#000000676|JzJnD kA3KTjTYl|24|34-710-820-8362|5527.61|HOUSEHOLD|es. slyly even theodolites across the slyly ironic accounts nag from the slyly even accounts. accounts are. 
691|Customer#000000691|0RkDX6OLU1hISYCLmdLD C|16|26-741-688-4189|9566.15|MACHINERY|p. ironic, regular foxes against the ironic, special theodolites nod carefully quietly unusu
695|Customer#000000695|fbT9dQCc,su7JboB5FWI6|8|18-131-151-7466|9126.54|FURNITURE|ly express deposits according to the fina
698|Customer#000000698|FLZ2NG5pKHpPtAh|23|33-282-178-6799|2894.22|BUILDING| sauternes. gifts cajole. slyly pending platelets cajole at the iron
704|Customer#000000704|41s9yU0ossOKgBvjPPSTZqhfciy|9|19-998-886-1551|441.44|AUTOMOBILE|ously ironic instructions believe about the pending, regular deposits; final accounts cajole alongside of t
706|Customer#000000706|ycxysGDuWHN98FS4lZ2obT9ZPNRWjJTsHbQXvi|19|29-468-275-6045|6496.08|AUTOMOBILE|ses cajole furiously after the ironic requests. pinto beans sleep busi
712|Customer#000000712| 8w2pIiA4wWAhtjAdXR|6|16-843-486-5087|8667.09|BUILDING| express dependencies use fluffily final platelets. furiously regular accounts wake furiously. carefully careful cou
715|Customer#000000715|9qLvF42uxUarKl4I 2pEKOMNJmo8Ro5EK|19|29-500-408-6392|85.05|AUTOMOBILE|hins boost quickly. quickly regular epitaphs haggle fluffily quickly bold pinto beans. regular
718|Customer#000000718|w,GXCSSI4NEHAFPKG|20|30-605-635-8197|8438.4|HOUSEHOLD| regular packages-- pinto beans detect ironically. furiously even accounts detect unusual, pendin
731|Customer#000000731|D0ceqTVRO3EctrC|7|17-731-915-9753|9311.17|MACHINERY|lar dolphins are carefully slyly final theodolites. unusual accounts integrate across the regular, final deposit
733|Customer#000000733|Ks7Ed2g7zDP905tLGdGcFtomDNchNdaPK2cd|13|23-110-948-6754|4351.09|HOUSEHOLD| furiously. pending, quiet packages nag slyly. stealthy pinto beans haggle 
736|Customer#000000736|zQNs5e2aFcVY8MigFQEBtoCaQ9e|1|11-617-726-2039|9114.68|MACHINERY| the deposits. blithely regular asymptotes boost q
742|Customer#000000742|2qRObRkFktME6SsNV0Pa3L8txbA0AFtXuWsKrkW|12|22-610-582-8610|6381.24|HOUSEHOLD|eodolites alongside of the daringly ironic deposi
745|Customer#000000745|vjuHvDKdaomsivy l|18|28-913-438-9403|7115.14|FURNITURE|o beans. bold, regular theodolites haggle carefully about the quickl
748|Customer#000000748|1 nkl3GMSnweulTNAMPeB8Sa5aSIk|23|33-403-226-2580|6959.09|AUTOMOBILE|nts. special excuses thrash blithe
