Supplier#000000049|355
Supplier#000000036|346
Supplier#000000032|344
Supplier#000000021|343
Supplier#000000044|342
Supplier#000000040|342
Supplier#000000017|342
Supplier#000000019|340
Supplier#000000011|340
Supplier#000000048|339
Supplier#000000038|339
Supplier#000000031|339
Supplier#000000027|339
Supplier#000000025|339
Supplier#000000012|338
Supplier#000000004|338
Supplier#000000050|337
Supplier#000000034|337
Supplier#000000029|337
Supplier#000000003|336
Supplier#000000045|335
Supplier#000000010|335
Supplier#000000015|334
Supplier#000000014|334
Supplier#000000043|333
Supplier#000000035|333
Supplier#000000006|332
Supplier#000000023|331
Supplier#000000047|329
Supplier#000000028|329
Supplier#000000022|329
Supplier#000000008|329
Supplier#000000024|328
Supplier#000000002|328
Supplier#000000042|327
Supplier#000000026|327
Supplier#000000001|327
Supplier#000000030|326
Supplier#000000039|325
Supplier#000000037|325
Supplier#000000018|325
Supplier#000000009|325
Supplier#000000013|324
Supplier#000000005|324
Supplier#000000020|320
Supplier#000000046|319
Supplier#000000033|319
Supplier#000000007|319
Supplier#000000041|318
Supplier#000000016|316
